<?xml version="1.0" encoding="UTF-8"?>
<!-- Generated by org.testng.reporters.JUnitReportReporter -->
<testsuite skipped="0" hostname="DESKTOP-CP4RQU0" name="Test.day1" tests="1" failures="0" timestamp="20 Jun 2019 12:41:10 GMT" time="0.007" errors="0">
  <testcase name="Demo2" time="0.007" classname="Test.day1"/>
</testsuite> <!-- Test.day1 -->
