<?xml version="1.0" encoding="UTF-8"?>
<!-- Generated by org.testng.reporters.JUnitReportReporter -->
<testsuite skipped="0" hostname="DESKTOP-CP4RQU0" name="Test.day2" tests="1" failures="0" timestamp="20 Jun 2019 12:41:10 GMT" time="0.006" errors="0">
  <testcase name="trial3" time="0.006" classname="Test.day2"/>
</testsuite> <!-- Test.day2 -->
